0 verbose cli /usr/local/bin/node /usr/local/bin/npm
1 info using npm@10.5.0
2 info using node@v20.12.0
3 timing npm:load:whichnode Completed in 0ms
4 timing config:load:defaults Completed in 1ms
5 timing config:load:file:/usr/local/lib/node_modules/npm/npmrc Completed in 1ms
6 timing config:load:builtin Completed in 1ms
7 timing config:load:cli Completed in 3ms
8 timing config:load:env Completed in 1ms
9 timing config:load:project Completed in 23ms
10 timing config:load:file:/root/.npmrc Completed in 0ms
11 timing config:load:user Completed in 1ms
12 timing config:load:file:/usr/local/etc/npmrc Completed in 0ms
13 timing config:load:global Completed in 0ms
14 timing config:load:setEnvs Completed in 1ms
15 timing config:load Completed in 31ms
16 timing npm:load:configload Completed in 31ms
17 timing config:load:flatten Completed in 2ms
18 timing npm:load:mkdirpcache Completed in 0ms
19 timing npm:load:mkdirplogs Completed in 0ms
20 verbose title npm install json-server
21 verbose argv "install" "--global" "json-server"
22 timing npm:load:setTitle Completed in 1ms
23 timing npm:load:display Completed in 1ms
24 verbose logfile logs-max:10 dir:/root/.npm/_logs/2024-03-29T02_52_30_583Z-
25 verbose logfile /root/.npm/_logs/2024-03-29T02_52_30_583Z-debug-0.log
26 timing npm:load:logFile Completed in 8ms
27 timing npm:load:timers Completed in 0ms
28 timing npm:load:configScope Completed in 0ms
29 timing npm:load Completed in 60ms
30 timing config:load:flatten Completed in 1ms
31 timing arborist:ctor Completed in 0ms
32 silly logfile start cleaning logs, removing 2 files
33 timing idealTree:init Completed in 5ms
34 timing idealTree:userRequests Completed in 3ms
35 silly idealTree buildDeps
36 silly fetch manifest json-server@*
37 silly logfile done cleaning log files
38 http fetch GET 200 https://registry.npmjs.org/json-server 1197ms (cache miss)
39 silly placeDep ROOT json-server@1.0.0-alpha.23 OK for:  want: *
40 silly fetch manifest @tinyhttp/app@^2.2.3
41 http fetch GET 200 https://registry.npmjs.org/@tinyhttp%2fapp 822ms (cache miss)
42 silly fetch manifest @tinyhttp/cors@^2.0.0
43 http fetch GET 200 https://registry.npmjs.org/@tinyhttp%2fcors 755ms (cache miss)
44 silly fetch manifest chalk@^5.3.0
45 http fetch GET 200 https://registry.npmjs.org/chalk 236ms (cache miss)
46 silly fetch manifest chokidar@^3.5.3
47 http fetch GET 200 https://registry.npmjs.org/chokidar 304ms (cache miss)
48 silly fetch manifest dot-prop@^8.0.2
49 http fetch GET 200 https://registry.npmjs.org/dot-prop 289ms (cache miss)
50 silly fetch manifest eta@^3.2.0
51 http fetch GET 200 https://registry.npmjs.org/eta 324ms (cache miss)
52 silly fetch manifest inflection@^3.0.0
53 http fetch GET 200 https://registry.npmjs.org/inflection 238ms (cache miss)
54 silly fetch manifest json5@^2.2.3
55 http fetch GET 200 https://registry.npmjs.org/json5 286ms (cache miss)
56 silly fetch manifest lowdb@^7.0.1
57 http fetch GET 200 https://registry.npmjs.org/lowdb 411ms (cache miss)
58 silly fetch manifest milliparsec@^2.3.0
59 http fetch GET 200 https://registry.npmjs.org/milliparsec 256ms (cache miss)
60 silly fetch manifest sirv@^2.0.4
61 http fetch GET 200 https://registry.npmjs.org/sirv 275ms (cache miss)
62 silly fetch manifest sort-on@^6.0.0
63 http fetch GET 200 https://registry.npmjs.org/sort-on 288ms (cache miss)
64 timing idealTree:#root Completed in 5736ms
65 silly placeDep node_modules/json-server @tinyhttp/app@2.2.3 OK for: json-server@1.0.0-alpha.23 want: ^2.2.3
66 silly placeDep node_modules/json-server @tinyhttp/cors@2.0.0 OK for: json-server@1.0.0-alpha.23 want: ^2.0.0
67 silly placeDep node_modules/json-server chalk@5.3.0 OK for: json-server@1.0.0-alpha.23 want: ^5.3.0
68 silly placeDep node_modules/json-server chokidar@3.6.0 OK for: json-server@1.0.0-alpha.23 want: ^3.5.3
69 silly placeDep node_modules/json-server dot-prop@8.0.2 OK for: json-server@1.0.0-alpha.23 want: ^8.0.2
70 silly placeDep node_modules/json-server eta@3.4.0 OK for: json-server@1.0.0-alpha.23 want: ^3.2.0
71 silly placeDep node_modules/json-server inflection@3.0.0 OK for: json-server@1.0.0-alpha.23 want: ^3.0.0
72 silly placeDep node_modules/json-server json5@2.2.3 OK for: json-server@1.0.0-alpha.23 want: ^2.2.3
73 silly placeDep node_modules/json-server lowdb@7.0.1 OK for: json-server@1.0.0-alpha.23 want: ^7.0.1
74 silly placeDep node_modules/json-server milliparsec@2.3.0 OK for: json-server@1.0.0-alpha.23 want: ^2.3.0
75 silly placeDep node_modules/json-server sirv@2.0.4 OK for: json-server@1.0.0-alpha.23 want: ^2.0.4
76 silly placeDep node_modules/json-server sort-on@6.0.0 OK for: json-server@1.0.0-alpha.23 want: ^6.0.0
77 silly fetch manifest header-range-parser@1.1.3
78 http fetch GET 200 https://registry.npmjs.org/header-range-parser 344ms (cache miss)
79 silly fetch manifest regexparam@^2.0.1
80 http fetch GET 200 https://registry.npmjs.org/regexparam 367ms (cache miss)
81 silly fetch manifest @tinyhttp/cookie@2.1.0
82 http fetch GET 200 https://registry.npmjs.org/@tinyhttp%2fcookie 921ms (cache miss)
83 silly fetch manifest @tinyhttp/res@2.2.2
84 http fetch GET 200 https://registry.npmjs.org/@tinyhttp%2fres 3994ms (cache miss)
85 silly fetch manifest @tinyhttp/proxy-addr@2.1.3
86 http fetch GET 200 https://registry.npmjs.org/@tinyhttp%2fproxy-addr 1018ms (cache miss)
87 silly fetch manifest @tinyhttp/req@2.2.2
88 http fetch GET 200 https://registry.npmjs.org/@tinyhttp%2freq 1586ms (cache miss)
89 silly fetch manifest @tinyhttp/router@2.2.2
90 http fetch GET 200 https://registry.npmjs.org/@tinyhttp%2frouter 2146ms (cache miss)
91 silly fetch manifest es-vary@^0.1.1
92 http fetch GET 200 https://registry.npmjs.org/es-vary 534ms (cache miss)
93 silly fetch manifest anymatch@~3.1.2
94 http fetch GET 200 https://registry.npmjs.org/anymatch 446ms (cache miss)
95 silly fetch manifest braces@~3.0.2
96 http fetch GET 200 https://registry.npmjs.org/braces 832ms (cache miss)
97 silly fetch manifest glob-parent@~5.1.2
98 http fetch GET 200 https://registry.npmjs.org/glob-parent 476ms (cache miss)
99 silly fetch manifest is-binary-path@~2.1.0
100 http fetch GET 200 https://registry.npmjs.org/is-binary-path 342ms (cache miss)
101 silly fetch manifest is-glob@~4.0.1
102 http fetch GET 200 https://registry.npmjs.org/is-glob 388ms (cache miss)
103 silly fetch manifest normalize-path@~3.0.0
104 http fetch GET 200 https://registry.npmjs.org/normalize-path 369ms (cache miss)
105 silly fetch manifest readdirp@~3.6.0
106 http fetch GET 200 https://registry.npmjs.org/readdirp 629ms (cache miss)
107 silly fetch manifest fsevents@~2.3.2
108 http fetch GET 200 https://registry.npmjs.org/fsevents 1100ms (cache miss)
109 silly fetch manifest type-fest@^3.8.0
110 http fetch GET 200 https://registry.npmjs.org/type-fest 2241ms (cache miss)
111 silly fetch manifest steno@^4.0.2
112 http fetch GET 200 https://registry.npmjs.org/steno 406ms (cache miss)
113 silly fetch manifest @polka/url@^1.0.0-next.24
114 http fetch GET 200 https://registry.npmjs.org/@polka%2furl 1182ms (cache miss)
115 silly fetch manifest mrmime@^2.0.0
116 http fetch GET 200 https://registry.npmjs.org/mrmime 366ms (cache miss)
117 silly fetch manifest totalist@^3.0.0
118 http fetch GET 200 https://registry.npmjs.org/totalist 368ms (cache miss)
119 timing idealTree:node_modules/json-server Completed in 20133ms
120 silly placeDep node_modules/json-server @tinyhttp/cookie@2.1.0 OK for: @tinyhttp/app@2.2.3 want: 2.1.0
121 silly placeDep node_modules/json-server @tinyhttp/proxy-addr@2.1.3 OK for: @tinyhttp/app@2.2.3 want: 2.1.3
122 silly placeDep node_modules/json-server @tinyhttp/req@2.2.2 OK for: @tinyhttp/app@2.2.3 want: 2.2.2
123 silly placeDep node_modules/json-server @tinyhttp/res@2.2.2 OK for: @tinyhttp/app@2.2.3 want: 2.2.2
124 silly placeDep node_modules/json-server @tinyhttp/router@2.2.2 OK for: @tinyhttp/app@2.2.3 want: 2.2.2
125 silly placeDep node_modules/json-server header-range-parser@1.1.3 OK for: @tinyhttp/app@2.2.3 want: 1.1.3
126 silly placeDep node_modules/json-server regexparam@2.0.2 OK for: @tinyhttp/app@2.2.3 want: ^2.0.1
127 silly fetch manifest ipaddr.js@^2.1.0
128 http fetch GET 200 https://registry.npmjs.org/ipaddr.js 483ms (cache miss)
129 silly fetch manifest @tinyhttp/forwarded@2.1.2
130 http fetch GET 200 https://registry.npmjs.org/@tinyhttp%2fforwarded 731ms (cache miss)
131 silly fetch manifest header-range-parser@^1.1.3
132 silly fetch manifest @tinyhttp/accepts@2.2.1
133 http fetch GET 200 https://registry.npmjs.org/@tinyhttp%2faccepts 978ms (cache miss)
134 silly fetch manifest @tinyhttp/url@2.1.1
135 http fetch GET 200 https://registry.npmjs.org/@tinyhttp%2furl 842ms (cache miss)
136 silly fetch manifest @tinyhttp/type-is@2.2.2
137 http fetch GET 200 https://registry.npmjs.org/@tinyhttp%2ftype-is 714ms (cache miss)
138 silly fetch manifest @tinyhttp/vary@^0.1.3
139 http fetch GET 200 https://registry.npmjs.org/@tinyhttp%2fvary 569ms (cache miss)
140 silly fetch manifest es-escape-html@^0.1.1
141 http fetch GET 200 https://registry.npmjs.org/es-escape-html 484ms (cache miss)
142 silly fetch manifest mime@4.0.1
143 http fetch GET 200 https://registry.npmjs.org/mime 551ms (cache miss)
144 silly fetch manifest @tinyhttp/send@2.2.1
145 http fetch GET 200 https://registry.npmjs.org/@tinyhttp%2fsend 1005ms (cache miss)
146 silly fetch manifest @tinyhttp/cookie-signature@2.1.0
147 http fetch GET 200 https://registry.npmjs.org/@tinyhttp%2fcookie-signature 965ms (cache miss)
148 silly fetch manifest @tinyhttp/content-disposition@2.2.0
149 http fetch GET 200 https://registry.npmjs.org/@tinyhttp%2fcontent-disposition 753ms (cache miss)
150 silly fetch manifest @tinyhttp/encode-url@2.1.1
151 http fetch GET 200 https://registry.npmjs.org/@tinyhttp%2fencode-url 759ms (cache miss)
152 timing idealTree:node_modules/json-server/node_modules/@tinyhttp/app Completed in 8873ms
153 timing idealTree:node_modules/json-server/node_modules/@tinyhttp/cookie Completed in 0ms
154 silly placeDep node_modules/json-server es-vary@0.1.2 OK for: @tinyhttp/cors@2.0.0 want: ^0.1.1
155 timing idealTree:node_modules/json-server/node_modules/@tinyhttp/cors Completed in 5ms
156 silly placeDep node_modules/json-server @tinyhttp/forwarded@2.1.2 OK for: @tinyhttp/proxy-addr@2.1.3 want: 2.1.2
157 silly placeDep node_modules/json-server ipaddr.js@2.1.0 OK for: @tinyhttp/proxy-addr@2.1.3 want: ^2.1.0
158 timing idealTree:node_modules/json-server/node_modules/@tinyhttp/proxy-addr Completed in 2ms
159 timing idealTree:node_modules/json-server/node_modules/@tinyhttp/forwarded Completed in 0ms
160 silly placeDep node_modules/json-server @tinyhttp/accepts@2.2.1 OK for: @tinyhttp/req@2.2.2 want: 2.2.1
161 silly placeDep node_modules/json-server @tinyhttp/type-is@2.2.2 OK for: @tinyhttp/req@2.2.2 want: 2.2.2
162 silly placeDep node_modules/json-server @tinyhttp/url@2.1.1 OK for: @tinyhttp/req@2.2.2 want: 2.1.1
163 silly fetch manifest negotiator@^0.6.3
164 http fetch GET 200 https://registry.npmjs.org/negotiator 298ms (cache miss)
165 silly fetch manifest @tinyhttp/content-type@^0.1.4
166 http fetch GET 200 https://registry.npmjs.org/@tinyhttp%2fcontent-type 537ms (cache miss)
167 timing idealTree:node_modules/json-server/node_modules/@tinyhttp/req Completed in 843ms
168 silly placeDep node_modules/json-server mime@4.0.1 OK for: @tinyhttp/accepts@2.2.1 want: 4.0.1
169 silly placeDep node_modules/json-server negotiator@0.6.3 OK for: @tinyhttp/accepts@2.2.1 want: ^0.6.3
170 timing idealTree:node_modules/json-server/node_modules/@tinyhttp/accepts Completed in 3ms
171 silly placeDep node_modules/json-server @tinyhttp/content-disposition@2.2.0 OK for: @tinyhttp/res@2.2.2 want: 2.2.0
172 silly placeDep node_modules/json-server @tinyhttp/cookie-signature@2.1.0 OK for: @tinyhttp/res@2.2.2 want: 2.1.0
173 silly placeDep node_modules/json-server @tinyhttp/encode-url@2.1.1 OK for: @tinyhttp/res@2.2.2 want: 2.1.1
174 silly placeDep node_modules/json-server @tinyhttp/send@2.2.1 OK for: @tinyhttp/res@2.2.2 want: 2.2.1
175 silly placeDep node_modules/json-server @tinyhttp/vary@0.1.3 OK for: @tinyhttp/res@2.2.2 want: ^0.1.3
176 silly placeDep node_modules/json-server es-escape-html@0.1.1 OK for: @tinyhttp/res@2.2.2 want: ^0.1.1
177 silly fetch manifest @tinyhttp/etag@2.1.1
178 http fetch GET 200 https://registry.npmjs.org/@tinyhttp%2fetag 961ms (cache miss)
179 timing idealTree:node_modules/json-server/node_modules/@tinyhttp/res Completed in 970ms
180 timing idealTree:node_modules/json-server/node_modules/@tinyhttp/content-disposition Completed in 0ms
181 timing idealTree:node_modules/json-server/node_modules/@tinyhttp/cookie-signature Completed in 0ms
182 timing idealTree:node_modules/json-server/node_modules/@tinyhttp/encode-url Completed in 0ms
183 timing idealTree:node_modules/json-server/node_modules/@tinyhttp/router Completed in 0ms
184 silly placeDep node_modules/json-server @tinyhttp/content-type@0.1.4 OK for: @tinyhttp/send@2.2.1 want: ^0.1.4
185 silly placeDep node_modules/json-server @tinyhttp/etag@2.1.1 OK for: @tinyhttp/send@2.2.1 want: 2.1.1
186 timing idealTree:node_modules/json-server/node_modules/@tinyhttp/send Completed in 3ms
187 timing idealTree:node_modules/json-server/node_modules/@tinyhttp/content-type Completed in 0ms
188 timing idealTree:node_modules/json-server/node_modules/@tinyhttp/etag Completed in 0ms
189 timing idealTree:node_modules/json-server/node_modules/@tinyhttp/type-is Completed in 0ms
190 timing idealTree:node_modules/json-server/node_modules/@tinyhttp/url Completed in 0ms
191 timing idealTree:node_modules/json-server/node_modules/@tinyhttp/vary Completed in 0ms
192 timing idealTree:node_modules/json-server/node_modules/chalk Completed in 0ms
193 silly placeDep node_modules/json-server anymatch@3.1.3 OK for: chokidar@3.6.0 want: ~3.1.2
194 silly placeDep node_modules/json-server braces@3.0.2 OK for: chokidar@3.6.0 want: ~3.0.2
195 silly placeDep node_modules/json-server fsevents@2.3.3 OK for: chokidar@3.6.0 want: ~2.3.2
196 silly placeDep node_modules/json-server glob-parent@5.1.2 OK for: chokidar@3.6.0 want: ~5.1.2
197 silly placeDep node_modules/json-server is-binary-path@2.1.0 OK for: chokidar@3.6.0 want: ~2.1.0
198 silly placeDep node_modules/json-server is-glob@4.0.3 OK for: chokidar@3.6.0 want: ~4.0.1
199 silly placeDep node_modules/json-server normalize-path@3.0.0 OK for: chokidar@3.6.0 want: ~3.0.0
200 silly placeDep node_modules/json-server readdirp@3.6.0 OK for: chokidar@3.6.0 want: ~3.6.0
201 silly fetch manifest normalize-path@^3.0.0
202 silly fetch manifest picomatch@^2.0.4
203 http fetch GET 200 https://registry.npmjs.org/picomatch 854ms (cache miss)
204 silly fetch manifest fill-range@^7.0.1
205 http fetch GET 200 https://registry.npmjs.org/fill-range 375ms (cache miss)
206 silly fetch manifest is-glob@^4.0.1
207 silly fetch manifest binary-extensions@^2.0.0
208 http fetch GET 200 https://registry.npmjs.org/binary-extensions 359ms (cache miss)
209 silly fetch manifest is-extglob@^2.1.1
210 http fetch GET 200 https://registry.npmjs.org/is-extglob 565ms (cache miss)
211 silly fetch manifest picomatch@^2.2.1
212 timing idealTree:node_modules/json-server/node_modules/chokidar Completed in 2170ms
213 silly placeDep node_modules/json-server picomatch@2.3.1 OK for: anymatch@3.1.3 want: ^2.0.4
214 timing idealTree:node_modules/json-server/node_modules/anymatch Completed in 2ms
215 silly placeDep node_modules/json-server fill-range@7.0.1 OK for: braces@3.0.2 want: ^7.0.1
216 silly fetch manifest to-regex-range@^5.0.1
217 http fetch GET 200 https://registry.npmjs.org/to-regex-range 348ms (cache miss)
218 timing idealTree:node_modules/json-server/node_modules/braces Completed in 351ms
219 silly placeDep node_modules/json-server type-fest@3.13.1 OK for: dot-prop@8.0.2 want: ^3.8.0
220 timing idealTree:node_modules/json-server/node_modules/dot-prop Completed in 1ms
221 timing idealTree:node_modules/json-server/node_modules/es-escape-html Completed in 0ms
222 timing idealTree:node_modules/json-server/node_modules/es-vary Completed in 0ms
223 timing idealTree:node_modules/json-server/node_modules/eta Completed in 0ms
224 silly placeDep node_modules/json-server to-regex-range@5.0.1 OK for: fill-range@7.0.1 want: ^5.0.1
225 silly fetch manifest is-number@^7.0.0
226 http fetch GET 200 https://registry.npmjs.org/is-number 343ms (cache miss)
227 timing idealTree:node_modules/json-server/node_modules/fill-range Completed in 346ms
228 timing idealTree:node_modules/json-server/node_modules/fsevents Completed in 0ms
229 timing idealTree:node_modules/json-server/node_modules/glob-parent Completed in 0ms
230 timing idealTree:node_modules/json-server/node_modules/header-range-parser Completed in 0ms
231 timing idealTree:node_modules/json-server/node_modules/inflection Completed in 0ms
232 timing idealTree:node_modules/json-server/node_modules/ipaddr.js Completed in 0ms
233 silly placeDep node_modules/json-server binary-extensions@2.3.0 OK for: is-binary-path@2.1.0 want: ^2.0.0
234 timing idealTree:node_modules/json-server/node_modules/is-binary-path Completed in 1ms
235 timing idealTree:node_modules/json-server/node_modules/binary-extensions Completed in 1ms
236 silly placeDep node_modules/json-server is-extglob@2.1.1 OK for: is-glob@4.0.3 want: ^2.1.1
237 timing idealTree:node_modules/json-server/node_modules/is-glob Completed in 3ms
238 timing idealTree:node_modules/json-server/node_modules/is-extglob Completed in 0ms
239 timing idealTree:node_modules/json-server/node_modules/json5 Completed in 0ms
240 silly placeDep node_modules/json-server steno@4.0.2 OK for: lowdb@7.0.1 want: ^4.0.2
241 timing idealTree:node_modules/json-server/node_modules/lowdb Completed in 1ms
242 timing idealTree:node_modules/json-server/node_modules/milliparsec Completed in 0ms
243 timing idealTree:node_modules/json-server/node_modules/mime Completed in 0ms
244 timing idealTree:node_modules/json-server/node_modules/negotiator Completed in 0ms
245 timing idealTree:node_modules/json-server/node_modules/normalize-path Completed in 0ms
246 timing idealTree:node_modules/json-server/node_modules/picomatch Completed in 0ms
247 timing idealTree:node_modules/json-server/node_modules/readdirp Completed in 0ms
248 timing idealTree:node_modules/json-server/node_modules/regexparam Completed in 0ms
249 silly placeDep node_modules/json-server @polka/url@1.0.0-next.25 OK for: sirv@2.0.4 want: ^1.0.0-next.24
250 silly placeDep node_modules/json-server mrmime@2.0.0 OK for: sirv@2.0.4 want: ^2.0.0
251 silly placeDep node_modules/json-server totalist@3.0.1 OK for: sirv@2.0.4 want: ^3.0.0
252 timing idealTree:node_modules/json-server/node_modules/sirv Completed in 9ms
253 timing idealTree:node_modules/json-server/node_modules/@polka/url Completed in 0ms
254 timing idealTree:node_modules/json-server/node_modules/mrmime Completed in 0ms
255 timing idealTree:node_modules/json-server/node_modules/sort-on Completed in 0ms
256 timing idealTree:node_modules/json-server/node_modules/steno Completed in 0ms
257 silly placeDep node_modules/json-server is-number@7.0.0 OK for: to-regex-range@5.0.1 want: ^7.0.0
258 timing idealTree:node_modules/json-server/node_modules/to-regex-range Completed in 1ms
259 timing idealTree:node_modules/json-server/node_modules/is-number Completed in 0ms
260 timing idealTree:node_modules/json-server/node_modules/totalist Completed in 0ms
261 timing idealTree:node_modules/json-server/node_modules/type-fest Completed in 0ms
262 timing idealTree:buildDeps Completed in 39456ms
263 timing idealTree:fixDepFlags Completed in 2ms
264 timing idealTree Completed in 39467ms
265 timing reify:loadTrees Completed in 39473ms
266 timing reify:diffTrees Completed in 1ms
267 silly reify moves {}
268 timing reify:retireShallow Completed in 1ms
269 timing reify:createSparse Completed in 5ms
270 timing reify:loadBundles Completed in 0ms
271 verbose reify failed optional dependency /usr/local/lib/node_modules/json-server/node_modules/fsevents
272 silly reify mark deleted [ '/usr/local/lib/node_modules/json-server/node_modules/fsevents' ]
273 timing reifyNode:node_modules/json-server/node_modules/fsevents Completed in 11ms
274 silly tarball no local data for json-server@https://registry.npmjs.org/json-server/-/json-server-1.0.0-alpha.23.tgz. Extracting by manifest.
275 silly tarball no local data for is-number@https://registry.npmjs.org/is-number/-/is-number-7.0.0.tgz. Extracting by manifest.
276 silly tarball no local data for totalist@https://registry.npmjs.org/totalist/-/totalist-3.0.1.tgz. Extracting by manifest.
277 silly tarball no local data for mrmime@https://registry.npmjs.org/mrmime/-/mrmime-2.0.0.tgz. Extracting by manifest.
278 silly tarball no local data for @polka/url@https://registry.npmjs.org/@polka/url/-/url-1.0.0-next.25.tgz. Extracting by manifest.
279 silly tarball no local data for steno@https://registry.npmjs.org/steno/-/steno-4.0.2.tgz. Extracting by manifest.
280 silly tarball no local data for is-extglob@https://registry.npmjs.org/is-extglob/-/is-extglob-2.1.1.tgz. Extracting by manifest.
281 silly tarball no local data for binary-extensions@https://registry.npmjs.org/binary-extensions/-/binary-extensions-2.3.0.tgz. Extracting by manifest.
282 silly tarball no local data for to-regex-range@https://registry.npmjs.org/to-regex-range/-/to-regex-range-5.0.1.tgz. Extracting by manifest.
283 silly tarball no local data for type-fest@https://registry.npmjs.org/type-fest/-/type-fest-3.13.1.tgz. Extracting by manifest.
284 silly tarball no local data for fill-range@https://registry.npmjs.org/fill-range/-/fill-range-7.0.1.tgz. Extracting by manifest.
285 silly tarball no local data for picomatch@https://registry.npmjs.org/picomatch/-/picomatch-2.3.1.tgz. Extracting by manifest.
286 silly tarball no local data for readdirp@https://registry.npmjs.org/readdirp/-/readdirp-3.6.0.tgz. Extracting by manifest.
287 silly tarball no local data for normalize-path@https://registry.npmjs.org/normalize-path/-/normalize-path-3.0.0.tgz. Extracting by manifest.
288 silly tarball no local data for is-glob@https://registry.npmjs.org/is-glob/-/is-glob-4.0.3.tgz. Extracting by manifest.
289 silly tarball no local data for is-binary-path@https://registry.npmjs.org/is-binary-path/-/is-binary-path-2.1.0.tgz. Extracting by manifest.
290 silly tarball no local data for glob-parent@https://registry.npmjs.org/glob-parent/-/glob-parent-5.1.2.tgz. Extracting by manifest.
291 silly tarball no local data for braces@https://registry.npmjs.org/braces/-/braces-3.0.2.tgz. Extracting by manifest.
292 silly tarball no local data for anymatch@https://registry.npmjs.org/anymatch/-/anymatch-3.1.3.tgz. Extracting by manifest.
293 silly tarball no local data for @tinyhttp/etag@https://registry.npmjs.org/@tinyhttp/etag/-/etag-2.1.1.tgz. Extracting by manifest.
294 silly tarball no local data for @tinyhttp/content-type@https://registry.npmjs.org/@tinyhttp/content-type/-/content-type-0.1.4.tgz. Extracting by manifest.
295 silly tarball no local data for es-escape-html@https://registry.npmjs.org/es-escape-html/-/es-escape-html-0.1.1.tgz. Extracting by manifest.
296 silly tarball no local data for @tinyhttp/vary@https://registry.npmjs.org/@tinyhttp/vary/-/vary-0.1.3.tgz. Extracting by manifest.
297 silly tarball no local data for @tinyhttp/send@https://registry.npmjs.org/@tinyhttp/send/-/send-2.2.1.tgz. Extracting by manifest.
298 silly tarball no local data for @tinyhttp/encode-url@https://registry.npmjs.org/@tinyhttp/encode-url/-/encode-url-2.1.1.tgz. Extracting by manifest.
299 silly tarball no local data for @tinyhttp/cookie-signature@https://registry.npmjs.org/@tinyhttp/cookie-signature/-/cookie-signature-2.1.0.tgz. Extracting by manifest.
300 silly tarball no local data for @tinyhttp/content-disposition@https://registry.npmjs.org/@tinyhttp/content-disposition/-/content-disposition-2.2.0.tgz. Extracting by manifest.
301 silly tarball no local data for negotiator@https://registry.npmjs.org/negotiator/-/negotiator-0.6.3.tgz. Extracting by manifest.
302 silly tarball no local data for mime@https://registry.npmjs.org/mime/-/mime-4.0.1.tgz. Extracting by manifest.
303 silly tarball no local data for @tinyhttp/url@https://registry.npmjs.org/@tinyhttp/url/-/url-2.1.1.tgz. Extracting by manifest.
304 silly tarball no local data for @tinyhttp/type-is@https://registry.npmjs.org/@tinyhttp/type-is/-/type-is-2.2.2.tgz. Extracting by manifest.
305 silly tarball no local data for @tinyhttp/accepts@https://registry.npmjs.org/@tinyhttp/accepts/-/accepts-2.2.1.tgz. Extracting by manifest.
306 silly tarball no local data for ipaddr.js@https://registry.npmjs.org/ipaddr.js/-/ipaddr.js-2.1.0.tgz. Extracting by manifest.
307 silly tarball no local data for @tinyhttp/forwarded@https://registry.npmjs.org/@tinyhttp/forwarded/-/forwarded-2.1.2.tgz. Extracting by manifest.
308 silly tarball no local data for es-vary@https://registry.npmjs.org/es-vary/-/es-vary-0.1.2.tgz. Extracting by manifest.
309 silly tarball no local data for regexparam@https://registry.npmjs.org/regexparam/-/regexparam-2.0.2.tgz. Extracting by manifest.
310 silly tarball no local data for header-range-parser@https://registry.npmjs.org/header-range-parser/-/header-range-parser-1.1.3.tgz. Extracting by manifest.
311 silly tarball no local data for @tinyhttp/router@https://registry.npmjs.org/@tinyhttp/router/-/router-2.2.2.tgz. Extracting by manifest.
312 silly tarball no local data for @tinyhttp/res@https://registry.npmjs.org/@tinyhttp/res/-/res-2.2.2.tgz. Extracting by manifest.
313 silly tarball no local data for @tinyhttp/req@https://registry.npmjs.org/@tinyhttp/req/-/req-2.2.2.tgz. Extracting by manifest.
314 silly tarball no local data for @tinyhttp/proxy-addr@https://registry.npmjs.org/@tinyhttp/proxy-addr/-/proxy-addr-2.1.3.tgz. Extracting by manifest.
315 silly tarball no local data for @tinyhttp/cookie@https://registry.npmjs.org/@tinyhttp/cookie/-/cookie-2.1.0.tgz. Extracting by manifest.
316 silly tarball no local data for sort-on@https://registry.npmjs.org/sort-on/-/sort-on-6.0.0.tgz. Extracting by manifest.
317 silly tarball no local data for sirv@https://registry.npmjs.org/sirv/-/sirv-2.0.4.tgz. Extracting by manifest.
318 silly tarball no local data for milliparsec@https://registry.npmjs.org/milliparsec/-/milliparsec-2.3.0.tgz. Extracting by manifest.
319 silly tarball no local data for lowdb@https://registry.npmjs.org/lowdb/-/lowdb-7.0.1.tgz. Extracting by manifest.
320 silly tarball no local data for json5@https://registry.npmjs.org/json5/-/json5-2.2.3.tgz. Extracting by manifest.
321 silly tarball no local data for inflection@https://registry.npmjs.org/inflection/-/inflection-3.0.0.tgz. Extracting by manifest.
322 silly tarball no local data for eta@https://registry.npmjs.org/eta/-/eta-3.4.0.tgz. Extracting by manifest.
323 silly tarball no local data for dot-prop@https://registry.npmjs.org/dot-prop/-/dot-prop-8.0.2.tgz. Extracting by manifest.
324 silly tarball no local data for chokidar@https://registry.npmjs.org/chokidar/-/chokidar-3.6.0.tgz. Extracting by manifest.
325 silly tarball no local data for chalk@https://registry.npmjs.org/chalk/-/chalk-5.3.0.tgz. Extracting by manifest.
326 silly tarball no local data for @tinyhttp/cors@https://registry.npmjs.org/@tinyhttp/cors/-/cors-2.0.0.tgz. Extracting by manifest.
327 silly tarball no local data for @tinyhttp/app@https://registry.npmjs.org/@tinyhttp/app/-/app-2.2.3.tgz. Extracting by manifest.
328 http fetch GET 200 https://registry.npmjs.org/json-server/-/json-server-1.0.0-alpha.23.tgz 430ms (cache miss)
329 timing reifyNode:node_modules/json-server Completed in 469ms
330 http fetch GET 200 https://registry.npmjs.org/readdirp/-/readdirp-3.6.0.tgz 955ms (cache miss)
331 timing reifyNode:node_modules/json-server/node_modules/readdirp Completed in 1005ms
332 http fetch GET 200 https://registry.npmjs.org/normalize-path/-/normalize-path-3.0.0.tgz 970ms (cache miss)
333 timing reifyNode:node_modules/json-server/node_modules/normalize-path Completed in 1022ms
334 http fetch GET 200 https://registry.npmjs.org/braces/-/braces-3.0.2.tgz 977ms (cache miss)
335 timing reifyNode:node_modules/json-server/node_modules/braces Completed in 1030ms
336 http fetch GET 200 https://registry.npmjs.org/totalist/-/totalist-3.0.1.tgz 1253ms (cache miss)
337 timing reifyNode:node_modules/json-server/node_modules/totalist Completed in 1294ms
338 http fetch GET 200 https://registry.npmjs.org/is-number/-/is-number-7.0.0.tgz 1281ms (cache miss)
339 timing reifyNode:node_modules/json-server/node_modules/is-number Completed in 1321ms
340 http fetch GET 200 https://registry.npmjs.org/binary-extensions/-/binary-extensions-2.3.0.tgz 1273ms (cache miss)
341 timing reifyNode:node_modules/json-server/node_modules/binary-extensions Completed in 1320ms
342 http fetch GET 200 https://registry.npmjs.org/is-glob/-/is-glob-4.0.3.tgz 1270ms (cache miss)
343 timing reifyNode:node_modules/json-server/node_modules/is-glob Completed in 1321ms
344 http fetch GET 200 https://registry.npmjs.org/@polka/url/-/url-1.0.0-next.25.tgz 1290ms (cache miss)
345 timing reifyNode:node_modules/json-server/node_modules/@polka/url Completed in 1335ms
346 http fetch GET 200 https://registry.npmjs.org/is-binary-path/-/is-binary-path-2.1.0.tgz 1283ms (cache miss)
347 timing reifyNode:node_modules/json-server/node_modules/is-binary-path Completed in 1335ms
348 http fetch GET 200 https://registry.npmjs.org/anymatch/-/anymatch-3.1.3.tgz 1289ms (cache miss)
349 timing reifyNode:node_modules/json-server/node_modules/anymatch Completed in 1343ms
350 http fetch GET 200 https://registry.npmjs.org/to-regex-range/-/to-regex-range-5.0.1.tgz 1307ms (cache miss)
351 timing reifyNode:node_modules/json-server/node_modules/to-regex-range Completed in 1355ms
352 http fetch GET 200 https://registry.npmjs.org/mrmime/-/mrmime-2.0.0.tgz 1320ms (cache miss)
353 timing reifyNode:node_modules/json-server/node_modules/mrmime Completed in 1361ms
354 http fetch GET 200 https://registry.npmjs.org/@tinyhttp/etag/-/etag-2.1.1.tgz 1313ms (cache miss)
355 timing reifyNode:node_modules/json-server/node_modules/@tinyhttp/etag Completed in 1368ms
356 http fetch GET 200 https://registry.npmjs.org/is-extglob/-/is-extglob-2.1.1.tgz 1322ms (cache miss)
357 timing reifyNode:node_modules/json-server/node_modules/is-extglob Completed in 1368ms
358 http fetch GET 200 https://registry.npmjs.org/steno/-/steno-4.0.2.tgz 1326ms (cache miss)
359 timing reifyNode:node_modules/json-server/node_modules/steno Completed in 1371ms
360 http fetch GET 200 https://registry.npmjs.org/@tinyhttp/content-type/-/content-type-0.1.4.tgz 1319ms (cache miss)
361 timing reifyNode:node_modules/json-server/node_modules/@tinyhttp/content-type Completed in 1374ms
362 http fetch GET 200 https://registry.npmjs.org/@tinyhttp/content-disposition/-/content-disposition-2.2.0.tgz 1309ms (cache miss)
363 timing reifyNode:node_modules/json-server/node_modules/@tinyhttp/content-disposition Completed in 1373ms
364 http fetch GET 200 https://registry.npmjs.org/@tinyhttp/url/-/url-2.1.1.tgz 1305ms (cache miss)
365 timing reifyNode:node_modules/json-server/node_modules/@tinyhttp/url Completed in 1374ms
366 http fetch GET 200 https://registry.npmjs.org/milliparsec/-/milliparsec-2.3.0.tgz 1296ms (cache miss)
367 timing reifyNode:node_modules/json-server/node_modules/milliparsec Completed in 1377ms
368 http fetch GET 200 https://registry.npmjs.org/sort-on/-/sort-on-6.0.0.tgz 1304ms (cache miss)
369 timing reifyNode:node_modules/json-server/node_modules/sort-on Completed in 1384ms
370 http fetch GET 200 https://registry.npmjs.org/@tinyhttp/cookie-signature/-/cookie-signature-2.1.0.tgz 1327ms (cache miss)
371 timing reifyNode:node_modules/json-server/node_modules/@tinyhttp/cookie-signature Completed in 1391ms
372 http fetch GET 200 https://registry.npmjs.org/@tinyhttp/encode-url/-/encode-url-2.1.1.tgz 1328ms (cache miss)
373 timing reifyNode:node_modules/json-server/node_modules/@tinyhttp/encode-url Completed in 1391ms
374 http fetch GET 200 https://registry.npmjs.org/es-escape-html/-/es-escape-html-0.1.1.tgz 1337ms (cache miss)
375 timing reifyNode:node_modules/json-server/node_modules/es-escape-html Completed in 1392ms
376 http fetch GET 200 https://registry.npmjs.org/sirv/-/sirv-2.0.4.tgz 1311ms (cache miss)
377 timing reifyNode:node_modules/json-server/node_modules/sirv Completed in 1391ms
378 http fetch GET 200 https://registry.npmjs.org/regexparam/-/regexparam-2.0.2.tgz 1323ms (cache miss)
379 timing reifyNode:node_modules/json-server/node_modules/regexparam Completed in 1392ms
380 http fetch GET 200 https://registry.npmjs.org/@tinyhttp/proxy-addr/-/proxy-addr-2.1.3.tgz 1314ms (cache miss)
381 timing reifyNode:node_modules/json-server/node_modules/@tinyhttp/proxy-addr Completed in 1392ms
382 http fetch GET 200 https://registry.npmjs.org/@tinyhttp/cookie/-/cookie-2.1.0.tgz 1314ms (cache miss)
383 timing reifyNode:node_modules/json-server/node_modules/@tinyhttp/cookie Completed in 1393ms
384 http fetch GET 200 https://registry.npmjs.org/glob-parent/-/glob-parent-5.1.2.tgz 1346ms (cache miss)
385 timing reifyNode:node_modules/json-server/node_modules/glob-parent Completed in 1399ms
386 http fetch GET 200 https://registry.npmjs.org/@tinyhttp/cors/-/cors-2.0.0.tgz 1312ms (cache miss)
387 timing reifyNode:node_modules/json-server/node_modules/@tinyhttp/cors Completed in 1396ms
388 http fetch GET 200 https://registry.npmjs.org/@tinyhttp/req/-/req-2.2.2.tgz 1331ms (cache miss)
389 timing reifyNode:node_modules/json-server/node_modules/@tinyhttp/req Completed in 1409ms
390 http fetch GET 200 https://registry.npmjs.org/@tinyhttp/router/-/router-2.2.2.tgz 1335ms (cache miss)
391 timing reifyNode:node_modules/json-server/node_modules/@tinyhttp/router Completed in 1411ms
392 http fetch GET 200 https://registry.npmjs.org/@tinyhttp/send/-/send-2.2.1.tgz 1366ms (cache miss)
393 timing reifyNode:node_modules/json-server/node_modules/@tinyhttp/send Completed in 1428ms
394 http fetch GET 200 https://registry.npmjs.org/@tinyhttp/res/-/res-2.2.2.tgz 1350ms (cache miss)
395 timing reifyNode:node_modules/json-server/node_modules/@tinyhttp/res Completed in 1429ms
396 http fetch GET 200 https://registry.npmjs.org/ipaddr.js/-/ipaddr.js-2.1.0.tgz 1367ms (cache miss)
397 timing reifyNode:node_modules/json-server/node_modules/ipaddr.js Completed in 1437ms
398 http fetch GET 200 https://registry.npmjs.org/inflection/-/inflection-3.0.0.tgz 1368ms (cache miss)
399 timing reifyNode:node_modules/json-server/node_modules/inflection Completed in 1448ms
400 http fetch GET 200 https://registry.npmjs.org/lowdb/-/lowdb-7.0.1.tgz 1371ms (cache miss)
401 timing reifyNode:node_modules/json-server/node_modules/lowdb Completed in 1452ms
402 http fetch GET 200 https://registry.npmjs.org/chalk/-/chalk-5.3.0.tgz 1368ms (cache miss)
403 timing reifyNode:node_modules/json-server/node_modules/chalk Completed in 1450ms
404 http fetch GET 200 https://registry.npmjs.org/chokidar/-/chokidar-3.6.0.tgz 1369ms (cache miss)
405 timing reifyNode:node_modules/json-server/node_modules/chokidar Completed in 1451ms
406 http fetch GET 200 https://registry.npmjs.org/mime/-/mime-4.0.1.tgz 1394ms (cache miss)
407 timing reifyNode:node_modules/json-server/node_modules/mime Completed in 1459ms
408 http fetch GET 200 https://registry.npmjs.org/@tinyhttp/vary/-/vary-0.1.3.tgz 1406ms (cache miss)
409 timing reifyNode:node_modules/json-server/node_modules/@tinyhttp/vary Completed in 1462ms
410 http fetch GET 200 https://registry.npmjs.org/json5/-/json5-2.2.3.tgz 1384ms (cache miss)
411 timing reifyNode:node_modules/json-server/node_modules/json5 Completed in 1466ms
412 http fetch GET 200 https://registry.npmjs.org/type-fest/-/type-fest-3.13.1.tgz 1430ms (cache miss)
413 timing reifyNode:node_modules/json-server/node_modules/type-fest Completed in 1478ms
414 http fetch GET 200 https://registry.npmjs.org/eta/-/eta-3.4.0.tgz 1430ms (cache miss)
415 timing reifyNode:node_modules/json-server/node_modules/eta Completed in 1513ms
416 http fetch GET 200 https://registry.npmjs.org/@tinyhttp/type-is/-/type-is-2.2.2.tgz 1474ms (cache miss)
417 timing reifyNode:node_modules/json-server/node_modules/@tinyhttp/type-is Completed in 1543ms
418 http fetch GET 200 https://registry.npmjs.org/es-vary/-/es-vary-0.1.2.tgz 1472ms (cache miss)
419 timing reifyNode:node_modules/json-server/node_modules/es-vary Completed in 1541ms
420 http fetch GET 200 https://registry.npmjs.org/@tinyhttp/accepts/-/accepts-2.2.1.tgz 1475ms (cache miss)
421 timing reifyNode:node_modules/json-server/node_modules/@tinyhttp/accepts Completed in 1545ms
422 http fetch GET 200 https://registry.npmjs.org/dot-prop/-/dot-prop-8.0.2.tgz 1482ms (cache miss)
423 timing reifyNode:node_modules/json-server/node_modules/dot-prop Completed in 1563ms
424 http fetch GET 200 https://registry.npmjs.org/negotiator/-/negotiator-0.6.3.tgz 1543ms (cache miss)
425 timing reifyNode:node_modules/json-server/node_modules/negotiator Completed in 1609ms
426 http fetch GET 200 https://registry.npmjs.org/@tinyhttp/app/-/app-2.2.3.tgz 1519ms (cache miss)
427 timing reifyNode:node_modules/json-server/node_modules/@tinyhttp/app Completed in 1609ms
428 http fetch GET 200 https://registry.npmjs.org/header-range-parser/-/header-range-parser-1.1.3.tgz 1539ms (cache miss)
429 timing reifyNode:node_modules/json-server/node_modules/header-range-parser Completed in 1615ms
430 http fetch GET 200 https://registry.npmjs.org/picomatch/-/picomatch-2.3.1.tgz 1570ms (cache miss)
431 timing reifyNode:node_modules/json-server/node_modules/picomatch Completed in 1620ms
432 http fetch GET 200 https://registry.npmjs.org/@tinyhttp/forwarded/-/forwarded-2.1.2.tgz 1583ms (cache miss)
433 timing reifyNode:node_modules/json-server/node_modules/@tinyhttp/forwarded Completed in 1651ms
434 http fetch GET 200 https://registry.npmjs.org/fill-range/-/fill-range-7.0.1.tgz 2280ms (cache miss)
435 timing reifyNode:node_modules/json-server/node_modules/fill-range Completed in 2330ms
436 timing reify:unpack Completed in 2331ms
437 timing reify:unretire Completed in 0ms
438 timing build:queue Completed in 5ms
439 timing build:link:node_modules/json-server/node_modules/json5 Completed in 2ms
440 timing build:link:node_modules/json-server Completed in 2ms
441 timing build:link:node_modules/json-server/node_modules/mime Completed in 2ms
442 timing build:link Completed in 3ms
443 timing build:run:install Completed in 0ms
444 timing build:deps Completed in 8ms
445 timing build Completed in 9ms
446 timing reify:build Completed in 10ms
447 timing reify:trash Completed in 0ms
448 timing reify Completed in 41851ms
449 silly ADD node_modules/json-server
450 silly ADD node_modules/json-server/node_modules/is-number
451 silly ADD node_modules/json-server/node_modules/totalist
452 silly ADD node_modules/json-server/node_modules/mrmime
453 silly ADD node_modules/json-server/node_modules/@polka/url
454 silly ADD node_modules/json-server/node_modules/steno
455 silly ADD node_modules/json-server/node_modules/is-extglob
456 silly ADD node_modules/json-server/node_modules/binary-extensions
457 silly ADD node_modules/json-server/node_modules/to-regex-range
458 silly ADD node_modules/json-server/node_modules/type-fest
459 silly ADD node_modules/json-server/node_modules/fill-range
460 silly ADD node_modules/json-server/node_modules/picomatch
461 silly ADD node_modules/json-server/node_modules/readdirp
462 silly ADD node_modules/json-server/node_modules/normalize-path
463 silly ADD node_modules/json-server/node_modules/is-glob
464 silly ADD node_modules/json-server/node_modules/is-binary-path
465 silly ADD node_modules/json-server/node_modules/glob-parent
466 silly ADD
467 silly ADD node_modules/json-server/node_modules/braces
468 silly ADD node_modules/json-server/node_modules/anymatch
469 silly ADD node_modules/json-server/node_modules/@tinyhttp/etag
470 silly ADD node_modules/json-server/node_modules/@tinyhttp/content-type
471 silly ADD node_modules/json-server/node_modules/es-escape-html
472 silly ADD node_modules/json-server/node_modules/@tinyhttp/vary
473 silly ADD node_modules/json-server/node_modules/@tinyhttp/send
474 silly ADD node_modules/json-server/node_modules/@tinyhttp/encode-url
475 silly ADD node_modules/json-server/node_modules/@tinyhttp/cookie-signature
476 silly ADD node_modules/json-server/node_modules/@tinyhttp/content-disposition
477 silly ADD node_modules/json-server/node_modules/negotiator
478 silly ADD node_modules/json-server/node_modules/mime
479 silly ADD node_modules/json-server/node_modules/@tinyhttp/url
480 silly ADD node_modules/json-server/node_modules/@tinyhttp/type-is
481 silly ADD node_modules/json-server/node_modules/@tinyhttp/accepts
482 silly ADD node_modules/json-server/node_modules/ipaddr.js
483 silly ADD node_modules/json-server/node_modules/@tinyhttp/forwarded
484 silly ADD node_modules/json-server/node_modules/es-vary
485 silly ADD node_modules/json-server/node_modules/regexparam
486 silly ADD node_modules/json-server/node_modules/header-range-parser
487 silly ADD node_modules/json-server/node_modules/@tinyhttp/router
488 silly ADD node_modules/json-server/node_modules/@tinyhttp/res
489 silly ADD node_modules/json-server/node_modules/@tinyhttp/req
490 silly ADD node_modules/json-server/node_modules/@tinyhttp/proxy-addr
491 silly ADD node_modules/json-server/node_modules/@tinyhttp/cookie
492 silly ADD node_modules/json-server/node_modules/sort-on
493 silly ADD node_modules/json-server/node_modules/sirv
494 silly ADD node_modules/json-server/node_modules/milliparsec
495 silly ADD node_modules/json-server/node_modules/lowdb
496 silly ADD node_modules/json-server/node_modules/json5
497 silly ADD node_modules/json-server/node_modules/inflection
498 silly ADD node_modules/json-server/node_modules/eta
499 silly ADD node_modules/json-server/node_modules/dot-prop
500 silly ADD node_modules/json-server/node_modules/chokidar
501 silly ADD node_modules/json-server/node_modules/chalk
502 silly ADD node_modules/json-server/node_modules/@tinyhttp/cors
503 silly ADD node_modules/json-server/node_modules/@tinyhttp/app
504 timing command:install Completed in 41859ms
505 verbose exit 0
506 timing npm Completed in 42279ms
507 info ok
