0 verbose cli [ '/usr/bin/node', '/usr/bin/npm', 'install', '-g', 'n' ]
1 info using npm@8.5.1
2 info using node@v12.22.9
3 timing npm:load:whichnode Completed in 0ms
4 timing config:load:defaults Completed in 1ms
5 timing config:load:file:/usr/share/nodejs/npm/npmrc Completed in 2ms
6 timing config:load:builtin Completed in 3ms
7 timing config:load:cli Completed in 2ms
8 timing config:load:env Completed in 1ms
9 timing config:load:project Completed in 0ms
10 timing config:load:file:/root/.npmrc Completed in 0ms
11 timing config:load:user Completed in 1ms
12 timing config:load:file:/etc/npmrc Completed in 0ms
13 timing config:load:global Completed in 0ms
14 timing config:load:validate Completed in 0ms
15 timing config:load:credentials Completed in 1ms
16 timing config:load:setEnvs Completed in 1ms
17 timing config:load Completed in 10ms
18 timing npm:load:configload Completed in 10ms
19 timing npm:load:setTitle Completed in 0ms
20 timing config:load:flatten Completed in 2ms
21 timing npm:load:display Completed in 5ms
22 verbose logfile /root/.npm/_logs/2024-03-29T01_31_49_271Z-debug-0.log
23 timing npm:load:logFile Completed in 5ms
24 timing npm:load:timers Completed in 0ms
25 timing npm:load:configScope Completed in 0ms
26 timing npm:load Completed in 21ms
27 timing arborist:ctor Completed in 8ms
28 timing idealTree:init Completed in 6ms
29 timing idealTree:userRequests Completed in 4ms
30 silly idealTree buildDeps
31 silly fetch manifest n@*
32 http fetch GET 200 https://registry.npmjs.org/n 1242ms (cache miss)
33 silly placeDep ROOT n@9.2.1 OK for:  want: *
34 timing idealTree:#root Completed in 1253ms
35 timing idealTree:node_modules/n Completed in 0ms
36 timing idealTree:buildDeps Completed in 1255ms
37 timing idealTree:fixDepFlags Completed in 1ms
38 timing idealTree Completed in 1267ms
39 timing reify:loadTrees Completed in 1269ms
40 timing reify:diffTrees Completed in 1ms
41 silly reify moves {}
42 timing reify:retireShallow Completed in 0ms
43 timing reify:createSparse Completed in 1ms
44 timing reify:loadBundles Completed in 0ms
45 silly audit bulk request { n: [ '9.2.1' ] }
46 silly tarball no local data for n@https://registry.npmjs.org/n/-/n-9.2.1.tgz. Extracting by manifest.
47 http fetch POST 200 https://registry.npmjs.org/-/npm/v1/security/advisories/bulk 303ms
48 timing auditReport:getReport Completed in 304ms
49 silly audit report {}
50 timing auditReport:init Completed in 0ms
51 timing reify:audit Completed in 305ms
52 http fetch GET 200 https://registry.npmjs.org/n/-/n-9.2.1.tgz 888ms (cache miss)
53 timing reifyNode:node_modules/n Completed in 897ms
54 timing reify:unpack Completed in 897ms
55 timing reify:unretire Completed in 0ms
56 timing build:queue Completed in 0ms
57 timing build:link:node_modules/n Completed in 2ms
58 timing build:link Completed in 2ms
59 timing build:deps Completed in 3ms
60 timing build Completed in 3ms
61 timing reify:build Completed in 4ms
62 timing reify:trash Completed in 0ms
63 timing reify Completed in 2209ms
64 silly ADD node_modules/n
65 timing command:install Completed in 2221ms
66 verbose exit 0
67 timing npm Completed in 2451ms
68 info ok
